 14-10-2023 13:30:48:328 [pid=28363 tid=28363] ERROR  0:140 unable to load,  liburcu-bp.so.6 

 14-10-2023 13:30:48:328 [pid=28363 tid=28363] ERROR  0:140 unable to load,  liburcu-bp.so.1 

 14-10-2023 13:30:48:329 [pid=28363 tid=28363] WARN   0:172 failed to open /proc/driver/nvidia-fs/devcount  error: No such file or directory
 14-10-2023 13:30:48:329 [pid=28363 tid=28363] NOTICE  cufio-drv:705 running in compatible mode
 14-10-2023 13:30:48:330 [pid=28363 tid=28363] ERROR  cufio-plat:101 cannot open path /sys/bus/pci/devices/0000:25:00.0/resource No such file or directory
 14-10-2023 13:30:48:330 [pid=28363 tid=28363] WARN   cufio-plat:429 GPU index 0 NVIDIA GeForce RTX 3050: Model Not Supported
 14-10-2023 13:30:48:332 [pid=28363 tid=28363] WARN   cufio-udev:165 failed in udev device create: /sys/bus/pci/devices/0000:25:00.0
 14-10-2023 13:30:48:547 [pid=28363 tid=28363] ERROR  cufio-topo-udev:431 no device entries present in platform topology
 14-10-2023 13:34:25:905 [pid=28506 tid=28506] ERROR  0:140 unable to load,  liburcu-bp.so.6 

 14-10-2023 13:34:25:906 [pid=28506 tid=28506] ERROR  0:140 unable to load,  liburcu-bp.so.1 

 14-10-2023 13:34:25:906 [pid=28506 tid=28506] WARN   0:172 failed to open /proc/driver/nvidia-fs/devcount  error: No such file or directory
 14-10-2023 13:34:25:906 [pid=28506 tid=28506] NOTICE  cufio-drv:705 running in compatible mode
 14-10-2023 13:34:25:907 [pid=28506 tid=28506] ERROR  cufio-plat:101 cannot open path /sys/bus/pci/devices/0000:25:00.0/resource No such file or directory
 14-10-2023 13:34:25:907 [pid=28506 tid=28506] WARN   cufio-plat:429 GPU index 0 NVIDIA GeForce RTX 3050: Model Not Supported
 14-10-2023 13:34:25:907 [pid=28506 tid=28506] WARN   cufio-udev:165 failed in udev device create: /sys/bus/pci/devices/0000:25:00.0
 14-10-2023 13:34:26:58 [pid=28506 tid=28506] ERROR  cufio-topo-udev:431 no device entries present in platform topology
 14-10-2023 13:35:02:90 [pid=28637 tid=28637] ERROR  0:140 unable to load,  liburcu-bp.so.6 

 14-10-2023 13:35:02:91 [pid=28637 tid=28637] ERROR  0:140 unable to load,  liburcu-bp.so.1 

 14-10-2023 13:35:02:91 [pid=28637 tid=28637] WARN   0:172 failed to open /proc/driver/nvidia-fs/devcount  error: No such file or directory
 14-10-2023 13:35:02:91 [pid=28637 tid=28637] NOTICE  cufio-drv:705 running in compatible mode
 14-10-2023 13:35:02:92 [pid=28637 tid=28637] ERROR  cufio-plat:101 cannot open path /sys/bus/pci/devices/0000:25:00.0/resource No such file or directory
 14-10-2023 13:35:02:92 [pid=28637 tid=28637] WARN   cufio-plat:429 GPU index 0 NVIDIA GeForce RTX 3050: Model Not Supported
 14-10-2023 13:35:02:92 [pid=28637 tid=28637] WARN   cufio-udev:165 failed in udev device create: /sys/bus/pci/devices/0000:25:00.0
 14-10-2023 13:35:02:218 [pid=28637 tid=28637] ERROR  cufio-topo-udev:431 no device entries present in platform topology
